<?xml version="1.0" encoding="UTF-8"?>
<!-- Generated by org.testng.reporters.JUnitReportReporter -->
<testsuite hostname="Dhananjays-MacBook-Air.local" failures="0" tests="1" name="UITests.AddBookToCart" time="15.208" errors="0" timestamp="2025-01-08T21:21:58 IST" skipped="0">
  <testcase classname="UITests.AddBookToCart" name="testAddBookToCart" time="15.208"/>
</testsuite> <!-- UITests.AddBookToCart -->
