<?xml version="1.0" encoding="UTF-8"?>
<!-- Generated by org.testng.reporters.JUnitReportReporter -->
<testsuite hostname="Dhananjays-MacBook-Air.local" failures="0" tests="3" name="APITests.CoinDeskAPI" time="0.564" errors="0" timestamp="2025-01-08T21:21:58 IST" skipped="0">
  <testcase classname="APITests.CoinDeskAPI" name="testBPIEntriesSize" time="0.507"/>
  <testcase classname="APITests.CoinDeskAPI" name="testGBPDescription" time="0.032"/>
  <testcase classname="APITests.CoinDeskAPI" name="testCurrencyDetails" time="0.025"/>
</testsuite> <!-- APITests.CoinDeskAPI -->
