<?xml version="1.0" encoding="UTF-8"?>
<!-- Generated by org.testng.reporters.JUnitReportReporter -->
<testsuite hostname="Dhananjays-MacBook-Air.local" failures="0" tests="1" name="Testproject40.Project40.AddBookToCart" time="14.595" errors="0" timestamp="2025-01-08T19:36:04 IST" skipped="0">
  <testcase classname="Testproject40.Project40.AddBookToCart" name="testAddBookToCart" time="14.595"/>
</testsuite> <!-- Testproject40.Project40.AddBookToCart -->
