<?xml version="1.0" encoding="UTF-8"?>
<!-- Generated by org.testng.reporters.JUnitReportReporter -->
<testsuite hostname="Dhananjays-MacBook-Air.local" failures="0" tests="3" name="APITests.FISGlobal" time="0.552" errors="0" timestamp="2025-01-08T20:00:43 IST" skipped="0">
  <testcase classname="APITests.FISGlobal" name="testCurrencyDetails" time="0.017"/>
  <testcase classname="APITests.FISGlobal" name="testGBPDescription" time="0.032"/>
  <testcase classname="APITests.FISGlobal" name="testBPIEntriesSize" time="0.503"/>
</testsuite> <!-- APITests.FISGlobal -->
